[2024-12-11T17:52:13.213+0000] {taskinstance.py:1159} INFO - Dependencies all met for dep_context=non-requeueable deps ti=<TaskInstance: souvenir_queries.display_categories_by_selection manual__2024-12-11T17:52:12.132110+00:00 [queued]>
[2024-12-11T17:52:13.234+0000] {taskinstance.py:1159} INFO - Dependencies all met for dep_context=requeueable deps ti=<TaskInstance: souvenir_queries.display_categories_by_selection manual__2024-12-11T17:52:12.132110+00:00 [queued]>
[2024-12-11T17:52:13.236+0000] {taskinstance.py:1361} INFO - Starting attempt 1 of 1
[2024-12-11T17:52:13.267+0000] {taskinstance.py:1382} INFO - Executing <Task(PythonOperator): display_categories_by_selection> on 2024-12-11 17:52:12.132110+00:00
[2024-12-11T17:52:13.282+0000] {standard_task_runner.py:57} INFO - Started process 386 to run task
[2024-12-11T17:52:13.291+0000] {standard_task_runner.py:84} INFO - Running: ['airflow', 'tasks', 'run', 'souvenir_queries', 'display_categories_by_selection', 'manual__2024-12-11T17:52:12.132110+00:00', '--job-id', '12', '--raw', '--subdir', 'DAGS_FOLDER/check_task_querys.py', '--cfg-path', '/tmp/tmp9j8mwac6']
[2024-12-11T17:52:13.303+0000] {standard_task_runner.py:85} INFO - Job 12: Subtask display_categories_by_selection
[2024-12-11T17:52:13.354+0000] {logging_mixin.py:151} WARNING - /home/airflow/.local/lib/python3.10/site-packages/airflow/settings.py:193 DeprecationWarning: The sql_alchemy_conn option in [core] has been moved to the sql_alchemy_conn option in [database] - the old setting has been used, but please update your config.
[2024-12-11T17:52:13.473+0000] {task_command.py:416} INFO - Running <TaskInstance: souvenir_queries.display_categories_by_selection manual__2024-12-11T17:52:12.132110+00:00 [running]> on host 2e1b8d227825
[2024-12-11T17:52:13.698+0000] {taskinstance.py:1662} INFO - Exporting env vars: AIRFLOW_CTX_DAG_OWNER='airflow' AIRFLOW_CTX_DAG_ID='souvenir_queries' AIRFLOW_CTX_TASK_ID='display_categories_by_selection' AIRFLOW_CTX_EXECUTION_DATE='2024-12-11T17:52:12.132110+00:00' AIRFLOW_CTX_TRY_NUMBER='1' AIRFLOW_CTX_DAG_RUN_ID='manual__2024-12-11T17:52:12.132110+00:00'
[2024-12-11T17:52:13.712+0000] {logging_mixin.py:151} INFO - Категории, зависящие от выбранной: Электроника:
[2024-12-11T17:52:13.713+0000] {logging_mixin.py:151} INFO - (2900, 'Аксессуары для мобильных')
[2024-12-11T17:52:13.714+0000] {logging_mixin.py:151} INFO - (2920, 'Аксессуары для ПК')
[2024-12-11T17:52:13.714+0000] {logging_mixin.py:151} INFO - (3298, 'Видеокамеры')
[2024-12-11T17:52:13.715+0000] {logging_mixin.py:151} INFO - (2893, 'Зарядные устройства (power bank)')
[2024-12-11T17:52:13.716+0000] {logging_mixin.py:151} INFO - (3448, 'Квадрокоптеры')
[2024-12-11T17:52:13.717+0000] {logging_mixin.py:151} INFO - (2895, 'Колонки и наушники')
[2024-12-11T17:52:13.718+0000] {logging_mixin.py:151} INFO - (3301, 'Очки виртуальной реальности')
[2024-12-11T17:52:13.719+0000] {logging_mixin.py:151} INFO - (4169, 'Проекторы')
[2024-12-11T17:52:13.719+0000] {logging_mixin.py:151} INFO - (3314, 'Радио')
[2024-12-11T17:52:13.719+0000] {logging_mixin.py:151} INFO - (3786, 'Сетевые зарядные устройства')
[2024-12-11T17:52:13.720+0000] {logging_mixin.py:151} INFO - (3702, 'Смарт-часы')
[2024-12-11T17:52:13.720+0000] {logging_mixin.py:151} INFO - (3913, 'Умные гаджеты')
[2024-12-11T17:52:13.721+0000] {logging_mixin.py:151} INFO - (3991, 'Устройства для беспроводной зарядки')
[2024-12-11T17:52:13.721+0000] {logging_mixin.py:151} INFO - (2927, 'Устройства хранения')
[2024-12-11T17:52:13.722+0000] {logging_mixin.py:151} INFO - (2930, 'Фонари')
[2024-12-11T17:52:13.723+0000] {python.py:194} INFO - Done. Returned value was: None
[2024-12-11T17:52:13.750+0000] {taskinstance.py:1400} INFO - Marking task as SUCCESS. dag_id=souvenir_queries, task_id=display_categories_by_selection, execution_date=20241211T175212, start_date=20241211T175213, end_date=20241211T175213
[2024-12-11T17:52:13.794+0000] {local_task_job_runner.py:228} INFO - Task exited with return code 0
[2024-12-11T17:52:13.832+0000] {taskinstance.py:2778} INFO - 0 downstream tasks scheduled from follow-on schedule check
