[2024-12-11T17:52:13.217+0000] {taskinstance.py:1159} INFO - Dependencies all met for dep_context=non-requeueable deps ti=<TaskInstance: souvenir_queries.query_deliveries_sorted_by_status manual__2024-12-11T17:52:12.132110+00:00 [queued]>
[2024-12-11T17:52:13.237+0000] {taskinstance.py:1159} INFO - Dependencies all met for dep_context=requeueable deps ti=<TaskInstance: souvenir_queries.query_deliveries_sorted_by_status manual__2024-12-11T17:52:12.132110+00:00 [queued]>
[2024-12-11T17:52:13.238+0000] {taskinstance.py:1361} INFO - Starting attempt 1 of 1
[2024-12-11T17:52:13.270+0000] {taskinstance.py:1382} INFO - Executing <Task(PythonOperator): query_deliveries_sorted_by_status> on 2024-12-11 17:52:12.132110+00:00
[2024-12-11T17:52:13.283+0000] {standard_task_runner.py:57} INFO - Started process 387 to run task
[2024-12-11T17:52:13.305+0000] {standard_task_runner.py:84} INFO - Running: ['airflow', 'tasks', 'run', 'souvenir_queries', 'query_deliveries_sorted_by_status', 'manual__2024-12-11T17:52:12.132110+00:00', '--job-id', '10', '--raw', '--subdir', 'DAGS_FOLDER/check_task_querys.py', '--cfg-path', '/tmp/tmphbc7e7fp']
[2024-12-11T17:52:13.315+0000] {standard_task_runner.py:85} INFO - Job 10: Subtask query_deliveries_sorted_by_status
[2024-12-11T17:52:13.371+0000] {logging_mixin.py:151} WARNING - /home/airflow/.local/lib/python3.10/site-packages/airflow/settings.py:193 DeprecationWarning: The sql_alchemy_conn option in [core] has been moved to the sql_alchemy_conn option in [database] - the old setting has been used, but please update your config.
[2024-12-11T17:52:13.497+0000] {task_command.py:416} INFO - Running <TaskInstance: souvenir_queries.query_deliveries_sorted_by_status manual__2024-12-11T17:52:12.132110+00:00 [running]> on host 2e1b8d227825
[2024-12-11T17:52:13.713+0000] {taskinstance.py:1662} INFO - Exporting env vars: AIRFLOW_CTX_DAG_OWNER='airflow' AIRFLOW_CTX_DAG_ID='souvenir_queries' AIRFLOW_CTX_TASK_ID='query_deliveries_sorted_by_status' AIRFLOW_CTX_EXECUTION_DATE='2024-12-11T17:52:12.132110+00:00' AIRFLOW_CTX_TRY_NUMBER='1' AIRFLOW_CTX_DAG_RUN_ID='manual__2024-12-11T17:52:12.132110+00:00'
[2024-12-11T17:52:13.728+0000] {logging_mixin.py:151} INFO - Поставки сувениров за промежуток времени, отсортированные по статусу:
[2024-12-11T17:52:13.728+0000] {logging_mixin.py:151} INFO - (1, datetime.date(2024, 12, 11), None)
[2024-12-11T17:52:13.729+0000] {logging_mixin.py:151} INFO - (2, datetime.date(2024, 12, 11), None)
[2024-12-11T17:52:13.730+0000] {logging_mixin.py:151} INFO - (3, datetime.date(2024, 12, 11), None)
[2024-12-11T17:52:13.730+0000] {logging_mixin.py:151} INFO - (4, datetime.date(2024, 12, 11), None)
[2024-12-11T17:52:13.730+0000] {logging_mixin.py:151} INFO - (5, datetime.date(2024, 12, 11), None)
[2024-12-11T17:52:13.731+0000] {logging_mixin.py:151} INFO - (6, datetime.date(2024, 12, 11), None)
[2024-12-11T17:52:13.731+0000] {logging_mixin.py:151} INFO - (7, datetime.date(2024, 12, 11), None)
[2024-12-11T17:52:13.732+0000] {logging_mixin.py:151} INFO - (8, datetime.date(2024, 12, 11), None)
[2024-12-11T17:52:13.732+0000] {logging_mixin.py:151} INFO - (9, datetime.date(2024, 12, 11), None)
[2024-12-11T17:52:13.733+0000] {logging_mixin.py:151} INFO - (10, datetime.date(2024, 12, 11), None)
[2024-12-11T17:52:13.733+0000] {python.py:194} INFO - Done. Returned value was: None
[2024-12-11T17:52:13.755+0000] {taskinstance.py:1400} INFO - Marking task as SUCCESS. dag_id=souvenir_queries, task_id=query_deliveries_sorted_by_status, execution_date=20241211T175212, start_date=20241211T175213, end_date=20241211T175213
[2024-12-11T17:52:13.794+0000] {local_task_job_runner.py:228} INFO - Task exited with return code 0
[2024-12-11T17:52:13.849+0000] {taskinstance.py:2778} INFO - 0 downstream tasks scheduled from follow-on schedule check
